0 info it worked if it ends with ok
1 verbose cli [ '/Users/lukaszgandecki/.nvm/versions/node/v6.10.0/bin/node',
1 verbose cli   '/Users/lukaszgandecki/.nvm/versions/node/v6.10.0/bin/npm',
1 verbose cli   'start',
1 verbose cli   'dev' ]
2 info using npm@3.10.10
3 info using node@v6.10.0
4 verbose stack Error: missing script: start
4 verbose stack     at run (/Users/lukaszgandecki/.nvm/versions/node/v6.10.0/lib/node_modules/npm/lib/run-script.js:151:19)
4 verbose stack     at /Users/lukaszgandecki/.nvm/versions/node/v6.10.0/lib/node_modules/npm/lib/run-script.js:61:5
4 verbose stack     at /Users/lukaszgandecki/.nvm/versions/node/v6.10.0/lib/node_modules/npm/node_modules/read-package-json/read-json.js:356:5
4 verbose stack     at checkBinReferences_ (/Users/lukaszgandecki/.nvm/versions/node/v6.10.0/lib/node_modules/npm/node_modules/read-package-json/read-json.js:320:45)
4 verbose stack     at final (/Users/lukaszgandecki/.nvm/versions/node/v6.10.0/lib/node_modules/npm/node_modules/read-package-json/read-json.js:354:3)
4 verbose stack     at then (/Users/lukaszgandecki/.nvm/versions/node/v6.10.0/lib/node_modules/npm/node_modules/read-package-json/read-json.js:124:5)
4 verbose stack     at ReadFileContext.<anonymous> (/Users/lukaszgandecki/.nvm/versions/node/v6.10.0/lib/node_modules/npm/node_modules/read-package-json/read-json.js:295:20)
4 verbose stack     at ReadFileContext.callback (/Users/lukaszgandecki/.nvm/versions/node/v6.10.0/lib/node_modules/npm/node_modules/graceful-fs/graceful-fs.js:78:16)
4 verbose stack     at FSReqWrap.readFileAfterOpen [as oncomplete] (fs.js:365:13)
5 verbose cwd /Users/lukaszgandecki/projects/TheBrain2.0/server
6 error Darwin 16.4.0
7 error argv "/Users/lukaszgandecki/.nvm/versions/node/v6.10.0/bin/node" "/Users/lukaszgandecki/.nvm/versions/node/v6.10.0/bin/npm" "start" "dev"
8 error node v6.10.0
9 error npm  v3.10.10
10 error missing script: start
11 error If you need help, you may report this error at:
11 error     <https://github.com/npm/npm/issues>
12 verbose exit [ 1, true ]
